<?xml version="1.0" encoding="UTF-8"?>
<!-- Generated by org.testng.reporters.JUnitReportReporter -->
<testsuite hostname="IN-BLR-0151" name="Academy.HomePage" tests="2" failures="0" timestamp="21 May 2021 17:55:38 GMT" time="12.989" errors="0">
  <testcase name="basePageNavigate" time="7.498" classname="Academy.HomePage"/>
  <testcase name="basePageNavigate" time="5.491" classname="Academy.HomePage"/>
</testsuite> <!-- Academy.HomePage -->
