<?xml version="1.0" encoding="UTF-8"?>
<!-- Generated by org.testng.reporters.JUnitReportReporter -->
<testsuite hostname="IN-BLR-0151" name="Academy.validateTitle" tests="1" failures="0" timestamp="21 May 2021 17:55:38 GMT" time="0.107" errors="0">
  <testcase name="validateText" time="0.107" classname="Academy.validateTitle"/>
</testsuite> <!-- Academy.validateTitle -->
